2022-04-21 11:21:12 INFO     log save at : log\TextRCNN_ratio0.2_1.log
2022-04-21 11:21:12 INFO     Namespace(batch_size=256, data_ratio=0.2, device=device(type='cuda', index=0), dropout=0.8, embed_size=128, hidden_size=128, log_save='log', lr=0.001, max_len=None, model_name='TextRCNN', num_classes=2, num_epoch=100, num_layers=3, run_time=0, test_data='data/test_data_0.2.txt', train_data='data/train_data_0.2.txt', voc_path='data/voc_dict_0.2.txt', voc_size=1002)
2022-04-21 11:21:12 INFO     train size: 21598 test size: 2399
2022-04-21 11:21:29 INFO     Epoch:1 [13.4s] loss: 0.5553
2022-04-21 11:21:29 INFO     test acc: 0.8328 test loss: 0.4835
2022-04-21 11:21:29 INFO     Evaluation time: 0.4s
2022-04-21 11:21:42 INFO     Epoch:2 [12.9s] loss: 0.4003
2022-04-21 11:21:43 INFO     test acc: 0.9496 test loss: 0.3654
2022-04-21 11:21:43 INFO     Evaluation time: 0.4s
2022-04-21 11:21:56 INFO     Epoch:3 [12.8s] loss: 0.3747
2022-04-21 11:21:56 INFO     test acc: 0.9642 test loss: 0.3518
2022-04-21 11:21:56 INFO     Evaluation time: 0.4s
2022-04-21 11:22:09 INFO     Epoch:4 [12.8s] loss: 0.3493
2022-04-21 11:22:09 INFO     test acc: 0.9746 test loss: 0.3402
2022-04-21 11:22:09 INFO     Evaluation time: 0.4s
2022-04-21 11:22:22 INFO     Epoch:5 [13.3s] loss: 0.3442
2022-04-21 11:22:23 INFO     test acc: 0.9746 test loss: 0.3399
2022-04-21 11:22:23 INFO     Evaluation time: 0.4s
2022-04-21 11:22:36 INFO     Epoch:6 [13.0s] loss: 0.3424
2022-04-21 11:22:36 INFO     test acc: 0.9733 test loss: 0.3410
2022-04-21 11:22:36 INFO     Evaluation time: 0.4s
2022-04-21 11:22:49 INFO     Epoch:7 [12.8s] loss: 0.3409
2022-04-21 11:22:49 INFO     test acc: 0.9754 test loss: 0.3392
2022-04-21 11:22:49 INFO     Evaluation time: 0.4s
2022-04-21 11:23:02 INFO     Epoch:8 [12.9s] loss: 0.3407
2022-04-21 11:23:03 INFO     test acc: 0.9733 test loss: 0.3408
2022-04-21 11:23:03 INFO     Evaluation time: 0.4s
2022-04-21 11:23:16 INFO     Epoch:9 [13.0s] loss: 0.3402
2022-04-21 11:23:16 INFO     test acc: 0.9750 test loss: 0.3393
2022-04-21 11:23:16 INFO     Evaluation time: 0.4s
2022-04-21 11:23:29 INFO     Epoch:10 [12.8s] loss: 0.3396
2022-04-21 11:23:29 INFO     test acc: 0.9771 test loss: 0.3375
2022-04-21 11:23:29 INFO     Evaluation time: 0.4s
2022-04-21 11:23:42 INFO     Epoch:11 [12.8s] loss: 0.3380
2022-04-21 11:23:42 INFO     test acc: 0.9800 test loss: 0.3340
2022-04-21 11:23:42 INFO     Evaluation time: 0.4s
2022-04-21 11:23:55 INFO     Epoch:12 [12.8s] loss: 0.3318
2022-04-21 11:23:56 INFO     test acc: 0.9804 test loss: 0.3330
2022-04-21 11:23:56 INFO     Evaluation time: 0.4s
2022-04-21 11:24:09 INFO     Epoch:13 [13.0s] loss: 0.3307
2022-04-21 11:24:09 INFO     test acc: 0.9808 test loss: 0.3324
2022-04-21 11:24:09 INFO     Evaluation time: 0.5s
2022-04-21 11:24:22 INFO     Epoch:14 [12.9s] loss: 0.3309
2022-04-21 11:24:23 INFO     test acc: 0.9812 test loss: 0.3324
2022-04-21 11:24:23 INFO     Evaluation time: 0.4s
2022-04-21 11:24:36 INFO     Epoch:15 [13.1s] loss: 0.3310
2022-04-21 11:24:36 INFO     test acc: 0.9817 test loss: 0.3318
2022-04-21 11:24:36 INFO     Evaluation time: 0.4s
2022-04-21 11:24:49 INFO     Epoch:16 [12.9s] loss: 0.3305
2022-04-21 11:24:49 INFO     test acc: 0.9817 test loss: 0.3318
2022-04-21 11:24:49 INFO     Evaluation time: 0.4s
2022-04-21 11:25:02 INFO     Epoch:17 [12.8s] loss: 0.3305
2022-04-21 11:25:02 INFO     test acc: 0.9817 test loss: 0.3318
2022-04-21 11:25:02 INFO     Evaluation time: 0.4s
2022-04-21 11:25:15 INFO     Epoch:18 [13.0s] loss: 0.3303
2022-04-21 11:25:16 INFO     test acc: 0.9821 test loss: 0.3315
2022-04-21 11:25:16 INFO     Evaluation time: 0.4s
2022-04-21 11:25:29 INFO     Epoch:19 [13.0s] loss: 0.3301
2022-04-21 11:25:29 INFO     test acc: 0.9817 test loss: 0.3316
2022-04-21 11:25:29 INFO     Evaluation time: 0.4s
2022-04-21 11:25:42 INFO     Epoch:20 [12.9s] loss: 0.3301
2022-04-21 11:25:42 INFO     test acc: 0.9817 test loss: 0.3317
2022-04-21 11:25:42 INFO     Evaluation time: 0.4s
2022-04-21 11:25:55 INFO     Epoch:21 [12.8s] loss: 0.3300
2022-04-21 11:25:56 INFO     test acc: 0.9812 test loss: 0.3321
2022-04-21 11:25:56 INFO     Evaluation time: 0.4s
2022-04-21 11:26:08 INFO     Epoch:22 [12.8s] loss: 0.3301
2022-04-21 11:26:09 INFO     test acc: 0.9817 test loss: 0.3317
2022-04-21 11:26:09 INFO     Evaluation time: 0.4s
2022-04-21 11:26:09 INFO     Early stopping is trigger at epoch: 17 best acc:0.9821
